C:\USERS\HP\DROPBOX\EXAMPLE\COURSERA - CRYPTOGRAPHY\CONSOLEAPPLICATION\CONSOLEAPPLICATION\DEBUG\APP.EXE
C:\USERS\HP\DROPBOX\EXAMPLE\COURSERA - CRYPTOGRAPHY\CONSOLEAPPLICATION\CONSOLEAPPLICATION\DEBUG\APP.EXE.EMBED.MANIFEST
C:\USERS\HP\DROPBOX\EXAMPLE\COURSERA - CRYPTOGRAPHY\CONSOLEAPPLICATION\CONSOLEAPPLICATION\DEBUG\APP.EXE.EMBED.MANIFEST.RES
C:\USERS\HP\DROPBOX\EXAMPLE\COURSERA - CRYPTOGRAPHY\CONSOLEAPPLICATION\CONSOLEAPPLICATION\DEBUG\APP.EXE.INTERMEDIATE.MANIFEST
C:\USERS\HP\DROPBOX\EXAMPLE\COURSERA - CRYPTOGRAPHY\CONSOLEAPPLICATION\CONSOLEAPPLICATION\DEBUG\APP.ILK
C:\USERS\HP\DROPBOX\EXAMPLE\COURSERA - CRYPTOGRAPHY\CONSOLEAPPLICATION\CONSOLEAPPLICATION\DEBUG\APP.PDB
C:\Users\HP\Dropbox\EXAMPLE\Coursera - Cryptography\ConsoleApplication\ConsoleApplication\Debug\App.vcxprojResolveAssemblyReference.cache
C:\Users\HP\Dropbox\EXAMPLE\Coursera - Cryptography\ConsoleApplication\ConsoleApplication\Debug\App.write.1.tlog
C:\Users\HP\Dropbox\EXAMPLE\Coursera - Cryptography\ConsoleApplication\ConsoleApplication\Debug\App_manifest.rc
C:\Users\HP\Dropbox\EXAMPLE\Coursera - Cryptography\ConsoleApplication\ConsoleApplication\Debug\cl.command.1.tlog
C:\Users\HP\Dropbox\EXAMPLE\Coursera - Cryptography\ConsoleApplication\ConsoleApplication\Debug\CL.read.1.tlog
C:\Users\HP\Dropbox\EXAMPLE\Coursera - Cryptography\ConsoleApplication\ConsoleApplication\Debug\CL.write.1.tlog
C:\USERS\HP\DROPBOX\EXAMPLE\COURSERA - CRYPTOGRAPHY\CONSOLEAPPLICATION\CONSOLEAPPLICATION\DEBUG\CONSOLEAPPLICATION.OBJ
C:\Users\HP\Dropbox\EXAMPLE\Coursera - Cryptography\ConsoleApplication\ConsoleApplication\Debug\link.5608.read.1.tlog
C:\Users\HP\Dropbox\EXAMPLE\Coursera - Cryptography\ConsoleApplication\ConsoleApplication\Debug\link.5608.write.1.tlog
C:\Users\HP\Dropbox\EXAMPLE\Coursera - Cryptography\ConsoleApplication\ConsoleApplication\Debug\link.5608-cvtres.read.1.tlog
C:\Users\HP\Dropbox\EXAMPLE\Coursera - Cryptography\ConsoleApplication\ConsoleApplication\Debug\link.5608-cvtres.write.1.tlog
C:\Users\HP\Dropbox\EXAMPLE\Coursera - Cryptography\ConsoleApplication\ConsoleApplication\Debug\link.command.1.tlog
C:\Users\HP\Dropbox\EXAMPLE\Coursera - Cryptography\ConsoleApplication\ConsoleApplication\Debug\link.read.1.tlog
C:\Users\HP\Dropbox\EXAMPLE\Coursera - Cryptography\ConsoleApplication\ConsoleApplication\Debug\link.write.1.tlog
C:\Users\HP\Dropbox\EXAMPLE\Coursera - Cryptography\ConsoleApplication\ConsoleApplication\Debug\link-cvtres.read.1.tlog
C:\Users\HP\Dropbox\EXAMPLE\Coursera - Cryptography\ConsoleApplication\ConsoleApplication\Debug\link-cvtres.write.1.tlog
C:\Users\HP\Dropbox\EXAMPLE\Coursera - Cryptography\ConsoleApplication\ConsoleApplication\Debug\mt.command.1.tlog
C:\Users\HP\Dropbox\EXAMPLE\Coursera - Cryptography\ConsoleApplication\ConsoleApplication\Debug\mt.read.1.tlog
C:\Users\HP\Dropbox\EXAMPLE\Coursera - Cryptography\ConsoleApplication\ConsoleApplication\Debug\mt.write.1.tlog
C:\Users\HP\Dropbox\EXAMPLE\Coursera - Cryptography\ConsoleApplication\ConsoleApplication\Debug\rc.command.1.tlog
C:\Users\HP\Dropbox\EXAMPLE\Coursera - Cryptography\ConsoleApplication\ConsoleApplication\Debug\rc.read.1.tlog
C:\Users\HP\Dropbox\EXAMPLE\Coursera - Cryptography\ConsoleApplication\ConsoleApplication\Debug\rc.write.1.tlog
C:\USERS\HP\DROPBOX\EXAMPLE\COURSERA - CRYPTOGRAPHY\CONSOLEAPPLICATION\CONSOLEAPPLICATION\DEBUG\STDAFX.OBJ
C:\Users\HP\Dropbox\EXAMPLE\Coursera - Cryptography\ConsoleApplication\ConsoleApplication\Debug\vc100.idb
C:\USERS\HP\DROPBOX\EXAMPLE\COURSERA - CRYPTOGRAPHY\CONSOLEAPPLICATION\CONSOLEAPPLICATION\DEBUG\VC100.PDB
